#
# There is insufficient memory for the Java Runtime Environment to continue.
# Native memory allocation (malloc) failed to allocate 938976 bytes. Error detail: Chunk::new
# Possible reasons:
#   The system is out of physical RAM or swap space
#   This process is running with CompressedOops enabled, and the Java Heap may be blocking the growth of the native heap
# Possible solutions:
#   Reduce memory load on the system
#   Increase physical memory or swap space
#   Check if swap backing store is full
#   Decrease Java heap size (-Xmx/-Xms)
#   Decrease number of Java threads
#   Decrease Java thread stack sizes (-Xss)
#   Set larger code cache with -XX:ReservedCodeCacheSize=
#   JVM is running with Unscaled Compressed Oops mode in which the Java heap is
#     placed in the first 4GB address space. The Java Heap base address is the
#     maximum limit for the native heap growth. Please use -XX:HeapBaseMinAddress
#     to set the Java Heap base and to place the Java Heap above 4GB virtual address.
# This output file may be truncated or incomplete.
#
#  Out of Memory Error (arena.cpp:149), pid=14632, tid=1080
#
# JRE version: OpenJDK Runtime Environment (23.0.1+11) (build 23.0.1+11-39)
# Java VM: OpenJDK 64-Bit Server VM (23.0.1+11-39, mixed mode, sharing, tiered, compressed oops, compressed class ptrs, g1 gc, windows-amd64)
# No core dump will be written. Minidumps are not enabled by default on client versions of Windows
#

---------------  S U M M A R Y ------------

Command Line: -javaagent:C:\Users\nicol\AppData\Local\JetBrains\IntelliJ IDEA 2024.3.1.1\lib\idea_rt.jar=57052:C:\Users\nicol\AppData\Local\JetBrains\IntelliJ IDEA 2024.3.1.1\bin -Dfile.encoding=UTF-8 -Dsun.stdout.encoding=UTF-8 -Dsun.stderr.encoding=UTF-8 MakingChange

Host: Intel(R) Celeron(R) N4000 CPU @ 1.10GHz, 2 cores, 3G,  Windows 10 , 64 bit Build 19041 (10.0.19041.2788)
Time: Thu Jan 23 21:10:23 2025 Central Standard Time elapsed time: 30.379666 seconds (0d 0h 0m 30s)

---------------  T H R E A D  ---------------

Current thread (0x0000013f466ed060):  JavaThread "C2 CompilerThread0" daemon [_thread_in_native, id=1080, stack(0x0000000a08b00000,0x0000000a08c00000) (1024K)]


Current CompileTask:
C2:30379 2348 % !   4       sun.awt.image.PNGImageDecoder::produceImage @ 960 (1917 bytes)

Stack: [0x0000000a08b00000,0x0000000a08c00000]
Native frames: (J=compiled Java code, j=interpreted, Vv=VM code, C=native code)
V  [jvm.dll+0x6e08b9]  (no source info available)
V  [jvm.dll+0x87dc83]  (no source info available)
V  [jvm.dll+0x88010e]  (no source info available)
V  [jvm.dll+0x8807e3]  (no source info available)
V  [jvm.dll+0x27aee6]  (no source info available)
V  [jvm.dll+0xbc06f]  (no source info available)
V  [jvm.dll+0xbc2cb]  (no source info available)
V  [jvm.dll+0x3b3a9c]  (no source info available)
V  [jvm.dll+0x1dc39e]  (no source info available)
V  [jvm.dll+0x244be5]  (no source info available)
V  [jvm.dll+0x243dff]  (no source info available)
V  [jvm.dll+0x1c33a0]  (no source info available)
V  [jvm.dll+0x253cf1]  (no source info available)
V  [jvm.dll+0x251faa]  (no source info available)
V  [jvm.dll+0x3ee036]  (no source info available)
V  [jvm.dll+0x824f8b]  (no source info available)
V  [jvm.dll+0x6df065]  (no source info available)
C  [ucrtbase.dll+0x21bb2]  (no source info available)
C  [KERNEL32.DLL+0x17604]  (no source info available)
C  [ntdll.dll+0x526a1]  (no source info available)

Lock stack of current Java thread (top to bottom):


---------------  P R O C E S S  ---------------

Threads class SMR info:
_java_thread_list=0x0000013f412f1070, length=22, elements={
0x0000013f466e3ca0, 0x0000013f466e5510, 0x0000013f466e93a0, 0x0000013f466eae10,
0x0000013f466eb870, 0x0000013f466ec2d0, 0x0000013f466ed060, 0x0000013f41138e40,
0x0000013f466bbdb0, 0x0000013f413bdac0, 0x0000013f413be130, 0x0000013f41a9d1b0,
0x0000013f415925d0, 0x0000013f4158ae50, 0x0000013f419ee8b0, 0x0000013f419efbe0,
0x0000013f419f0250, 0x0000013f41b50bd0, 0x0000013f420e9170, 0x0000013f420e7730,
0x0000013f420e9e90, 0x0000013f41aae1d0
}

Java Threads: ( => current thread )
  0x0000013f466e3ca0 JavaThread "Reference Handler"          daemon [_thread_blocked, id=4292, stack(0x0000000a08500000,0x0000000a08600000) (1024K)]
  0x0000013f466e5510 JavaThread "Finalizer"                  daemon [_thread_blocked, id=11704, stack(0x0000000a08600000,0x0000000a08700000) (1024K)]
  0x0000013f466e93a0 JavaThread "Signal Dispatcher"          daemon [_thread_blocked, id=13680, stack(0x0000000a08700000,0x0000000a08800000) (1024K)]
  0x0000013f466eae10 JavaThread "Attach Listener"            daemon [_thread_blocked, id=9432, stack(0x0000000a08800000,0x0000000a08900000) (1024K)]
  0x0000013f466eb870 JavaThread "Service Thread"             daemon [_thread_blocked, id=5172, stack(0x0000000a08900000,0x0000000a08a00000) (1024K)]
  0x0000013f466ec2d0 JavaThread "Monitor Deflation Thread"   daemon [_thread_blocked, id=1988, stack(0x0000000a08a00000,0x0000000a08b00000) (1024K)]
=>0x0000013f466ed060 JavaThread "C2 CompilerThread0"         daemon [_thread_in_native, id=1080, stack(0x0000000a08b00000,0x0000000a08c00000) (1024K)]
  0x0000013f41138e40 JavaThread "C1 CompilerThread0"         daemon [_thread_blocked, id=5276, stack(0x0000000a08c00000,0x0000000a08d00000) (1024K)]
  0x0000013f466bbdb0 JavaThread "Common-Cleaner"             daemon [_thread_blocked, id=6288, stack(0x0000000a08d00000,0x0000000a08e00000) (1024K)]
  0x0000013f413bdac0 JavaThread "Monitor Ctrl-Break"         daemon [_thread_in_native, id=6420, stack(0x0000000a08f00000,0x0000000a09000000) (1024K)]
  0x0000013f413be130 JavaThread "Notification Thread"        daemon [_thread_blocked, id=13960, stack(0x0000000a09000000,0x0000000a09100000) (1024K)]
  0x0000013f41a9d1b0 JavaThread "RMI TCP Accept-0"           daemon [_thread_in_native, id=14828, stack(0x0000000a09100000,0x0000000a09200000) (1024K)]
  0x0000013f415925d0 JavaThread "RMI TCP Connection(1)-192.168.40.61" daemon [_thread_in_native, id=12500, stack(0x0000000a09200000,0x0000000a09300000) (1024K)]
  0x0000013f4158ae50 JavaThread "Java2D Disposer"            daemon [_thread_blocked, id=2708, stack(0x0000000a09300000,0x0000000a09400000) (1024K)]
  0x0000013f419ee8b0 JavaThread "AWT-Shutdown"                      [_thread_blocked, id=13008, stack(0x0000000a09400000,0x0000000a09500000) (1024K)]
  0x0000013f419efbe0 JavaThread "AWT-Windows"                daemon [_thread_in_native, id=9156, stack(0x0000000a09500000,0x0000000a09600000) (1024K)]
  0x0000013f419f0250 JavaThread "RMI Scheduler(0)"           daemon [_thread_blocked, id=7336, stack(0x0000000a09600000,0x0000000a09700000) (1024K)]
  0x0000013f41b50bd0 JavaThread "JMX server connection timeout 28" daemon [_thread_blocked, id=12784, stack(0x0000000a09700000,0x0000000a09800000) (1024K)]
  0x0000013f420e9170 JavaThread "AWT-EventQueue-0"                  [_thread_blocked, id=2744, stack(0x0000000a09800000,0x0000000a09900000) (1024K)]
  0x0000013f420e7730 JavaThread "DestroyJavaVM"                     [_thread_blocked, id=16244, stack(0x0000000a07d00000,0x0000000a07e00000) (1024K)]
  0x0000013f420e9e90 JavaThread "TimerQueue"                 daemon [_thread_blocked, id=12760, stack(0x0000000a09c00000,0x0000000a09d00000) (1024K)]
  0x0000013f41aae1d0 JavaThread "Image Fetcher 0"            daemon [_thread_blocked, id=3772, stack(0x0000000a09d00000,0x0000000a09e00000) (1024K)]
Total: 22

Other Threads:
  0x0000013f466ccaf0 VMThread "VM Thread"                           [id=11048, stack(0x0000000a08400000,0x0000000a08500000) (1024K)]
  0x0000013f4111da20 WatcherThread "VM Periodic Task Thread"        [id=13664, stack(0x0000000a08300000,0x0000000a08400000) (1024K)]
  0x0000013f46650490 WorkerThread "GC Thread#0"                     [id=16152, stack(0x0000000a07e00000,0x0000000a07f00000) (1024K)]
  0x0000013f415af450 WorkerThread "GC Thread#1"                     [id=3524, stack(0x0000000a08e00000,0x0000000a08f00000) (1024K)]
  0x0000013f4665aae0 ConcurrentGCThread "G1 Main Marker"            [id=1136, stack(0x0000000a07f00000,0x0000000a08000000) (1024K)]
  0x0000013f4665b6b0 WorkerThread "G1 Conc#0"                       [id=2640, stack(0x0000000a08000000,0x0000000a08100000) (1024K)]
  0x0000013f466a6e90 ConcurrentGCThread "G1 Refine#0"               [id=13140, stack(0x0000000a08100000,0x0000000a08200000) (1024K)]
  0x0000013f466a7ad0 ConcurrentGCThread "G1 Service"                [id=11324, stack(0x0000000a08200000,0x0000000a08300000) (1024K)]
Total: 8

Threads with active compile tasks:
C2 CompilerThread0  30532 2348 % !   4       sun.awt.image.PNGImageDecoder::produceImage @ 960 (1917 bytes)
Total: 1

VM state: not at safepoint (normal execution)

VM Mutex/Monitor currently owned by a thread: None

Heap address: 0x00000000c3a00000, size: 966 MB, Compressed Oops mode: 32-bit

CDS archive(s) mapped at: [0x0000013f00000000-0x0000013f00d70000-0x0000013f00d70000), size 14090240, SharedBaseAddress: 0x0000013f00000000, ArchiveRelocationMode: 1.
Compressed class space mapped at: 0x0000013f01000000-0x0000013f41000000, reserved size: 1073741824
Narrow klass base: 0x0000013f00000000, Narrow klass shift: 0, Narrow klass range: 0x41000000

GC Precious Log:
 CardTable entry size: 512
 Card Set container configuration: InlinePtr #cards 5 size 8 Array Of Cards #cards 10 size 36 Howl #buckets 4 coarsen threshold 1843 Howl Bitmap #cards 512 size 80 coarsen threshold 460 Card regions per heap region 1 cards per card region 2048
 CPUs: 2 total, 2 available
 Memory: 3858M
 Large Page Support: Disabled
 NUMA Support: Disabled
 Compressed Oops: Enabled (32-bit)
 Heap Region Size: 1M
 Heap Min Capacity: 8M
 Heap Initial Capacity: 62M
 Heap Max Capacity: 966M
 Pre-touch: Disabled
 Parallel Workers: 2
 Concurrent Workers: 1
 Concurrent Refinement Workers: 2
 Periodic GC: Disabled

Heap:
 garbage-first heap   total reserved 989184K, committed 63488K, used 12660K [0x00000000c3a00000, 0x0000000100000000)
  region size 1024K, 8 young (8192K), 1 survivors (1024K)
 Metaspace       used 14426K, committed 14848K, reserved 1114112K
  class space    used 1631K, committed 1792K, reserved 1048576K

Heap Regions: E=young(eden), S=young(survivor), O=old, HS=humongous(starts), HC=humongous(continues), CS=collection set, F=free, TAMS=top-at-mark-start, PB=parsable bottom
|   0|0x00000000c3a00000, 0x00000000c3b00000, 0x00000000c3b00000|100%| O|  |TAMS 0x00000000c3a00000| PB 0x00000000c3a00000| Untracked |  0
|   1|0x00000000c3b00000, 0x00000000c3c00000, 0x00000000c3c00000|100%| O|  |TAMS 0x00000000c3b00000| PB 0x00000000c3b00000| Untracked |  0
|   2|0x00000000c3c00000, 0x00000000c3c5d078, 0x00000000c3d00000| 36%| O|  |TAMS 0x00000000c3c00000| PB 0x00000000c3c00000| Untracked |  0
|   3|0x00000000c3d00000, 0x00000000c3e00000, 0x00000000c3e00000|100%|HS|  |TAMS 0x00000000c3d00000| PB 0x00000000c3d00000| Complete |  0
|   4|0x00000000c3e00000, 0x00000000c3f00000, 0x00000000c3f00000|100%|HC|  |TAMS 0x00000000c3e00000| PB 0x00000000c3e00000| Complete |  0
|   5|0x00000000c3f00000, 0x00000000c4000000, 0x00000000c4000000|100%|HC|  |TAMS 0x00000000c3f00000| PB 0x00000000c3f00000| Complete |  0
|   6|0x00000000c4000000, 0x00000000c4000000, 0x00000000c4100000|  0%| F|  |TAMS 0x00000000c4000000| PB 0x00000000c4000000| Untracked |  0
|   7|0x00000000c4100000, 0x00000000c4100000, 0x00000000c4200000|  0%| F|  |TAMS 0x00000000c4100000| PB 0x00000000c4100000| Untracked |  0
|   8|0x00000000c4200000, 0x00000000c4200000, 0x00000000c4300000|  0%| F|  |TAMS 0x00000000c4200000| PB 0x00000000c4200000| Untracked |  0
|   9|0x00000000c4300000, 0x00000000c4300000, 0x00000000c4400000|  0%| F|  |TAMS 0x00000000c4300000| PB 0x00000000c4300000| Untracked |  0
|  10|0x00000000c4400000, 0x00000000c4400000, 0x00000000c4500000|  0%| F|  |TAMS 0x00000000c4400000| PB 0x00000000c4400000| Untracked |  0
|  11|0x00000000c4500000, 0x00000000c4500000, 0x00000000c4600000|  0%| F|  |TAMS 0x00000000c4500000| PB 0x00000000c4500000| Untracked |  0
|  12|0x00000000c4600000, 0x00000000c4600000, 0x00000000c4700000|  0%| F|  |TAMS 0x00000000c4600000| PB 0x00000000c4600000| Untracked |  0
|  13|0x00000000c4700000, 0x00000000c4700000, 0x00000000c4800000|  0%| F|  |TAMS 0x00000000c4700000| PB 0x00000000c4700000| Untracked |  0
|  14|0x00000000c4800000, 0x00000000c4800000, 0x00000000c4900000|  0%| F|  |TAMS 0x00000000c4800000| PB 0x00000000c4800000| Untracked |  0
|  15|0x00000000c4900000, 0x00000000c4900000, 0x00000000c4a00000|  0%| F|  |TAMS 0x00000000c4900000| PB 0x00000000c4900000| Untracked |  0
|  16|0x00000000c4a00000, 0x00000000c4a00000, 0x00000000c4b00000|  0%| F|  |TAMS 0x00000000c4a00000| PB 0x00000000c4a00000| Untracked |  0
|  17|0x00000000c4b00000, 0x00000000c4b00000, 0x00000000c4c00000|  0%| F|  |TAMS 0x00000000c4b00000| PB 0x00000000c4b00000| Untracked |  0
|  18|0x00000000c4c00000, 0x00000000c4c00000, 0x00000000c4d00000|  0%| F|  |TAMS 0x00000000c4c00000| PB 0x00000000c4c00000| Untracked |  0
|  19|0x00000000c4d00000, 0x00000000c4d00000, 0x00000000c4e00000|  0%| F|  |TAMS 0x00000000c4d00000| PB 0x00000000c4d00000| Untracked |  0
|  20|0x00000000c4e00000, 0x00000000c4e00000, 0x00000000c4f00000|  0%| F|  |TAMS 0x00000000c4e00000| PB 0x00000000c4e00000| Untracked |  0
|  21|0x00000000c4f00000, 0x00000000c4f00000, 0x00000000c5000000|  0%| F|  |TAMS 0x00000000c4f00000| PB 0x00000000c4f00000| Untracked |  0
|  22|0x00000000c5000000, 0x00000000c5000000, 0x00000000c5100000|  0%| F|  |TAMS 0x00000000c5000000| PB 0x00000000c5000000| Untracked |  0
|  23|0x00000000c5100000, 0x00000000c5100000, 0x00000000c5200000|  0%| F|  |TAMS 0x00000000c5100000| PB 0x00000000c5100000| Untracked |  0
|  24|0x00000000c5200000, 0x00000000c5200000, 0x00000000c5300000|  0%| F|  |TAMS 0x00000000c5200000| PB 0x00000000c5200000| Untracked |  0
|  25|0x00000000c5300000, 0x00000000c5300000, 0x00000000c5400000|  0%| F|  |TAMS 0x00000000c5300000| PB 0x00000000c5300000| Untracked |  0
|  26|0x00000000c5400000, 0x00000000c5400000, 0x00000000c5500000|  0%| F|  |TAMS 0x00000000c5400000| PB 0x00000000c5400000| Untracked |  0
|  27|0x00000000c5500000, 0x00000000c5500000, 0x00000000c5600000|  0%| F|  |TAMS 0x00000000c5500000| PB 0x00000000c5500000| Untracked |  0
|  28|0x00000000c5600000, 0x00000000c5600000, 0x00000000c5700000|  0%| F|  |TAMS 0x00000000c5600000| PB 0x00000000c5600000| Untracked |  0
|  29|0x00000000c5700000, 0x00000000c5700000, 0x00000000c5800000|  0%| F|  |TAMS 0x00000000c5700000| PB 0x00000000c5700000| Untracked |  0
|  30|0x00000000c5800000, 0x00000000c5800000, 0x00000000c5900000|  0%| F|  |TAMS 0x00000000c5800000| PB 0x00000000c5800000| Untracked |  0
|  31|0x00000000c5900000, 0x00000000c5900000, 0x00000000c5a00000|  0%| F|  |TAMS 0x00000000c5900000| PB 0x00000000c5900000| Untracked |  0
|  32|0x00000000c5a00000, 0x00000000c5a00000, 0x00000000c5b00000|  0%| F|  |TAMS 0x00000000c5a00000| PB 0x00000000c5a00000| Untracked |  0
|  33|0x00000000c5b00000, 0x00000000c5b00000, 0x00000000c5c00000|  0%| F|  |TAMS 0x00000000c5b00000| PB 0x00000000c5b00000| Untracked |  0
|  34|0x00000000c5c00000, 0x00000000c5c00000, 0x00000000c5d00000|  0%| F|  |TAMS 0x00000000c5c00000| PB 0x00000000c5c00000| Untracked |  0
|  35|0x00000000c5d00000, 0x00000000c5d00000, 0x00000000c5e00000|  0%| F|  |TAMS 0x00000000c5d00000| PB 0x00000000c5d00000| Untracked |  0
|  36|0x00000000c5e00000, 0x00000000c5e00000, 0x00000000c5f00000|  0%| F|  |TAMS 0x00000000c5e00000| PB 0x00000000c5e00000| Untracked |  0
|  37|0x00000000c5f00000, 0x00000000c5f00000, 0x00000000c6000000|  0%| F|  |TAMS 0x00000000c5f00000| PB 0x00000000c5f00000| Untracked |  0
|  38|0x00000000c6000000, 0x00000000c6000000, 0x00000000c6100000|  0%| F|  |TAMS 0x00000000c6000000| PB 0x00000000c6000000| Untracked |  0
|  39|0x00000000c6100000, 0x00000000c6100000, 0x00000000c6200000|  0%| F|  |TAMS 0x00000000c6100000| PB 0x00000000c6100000| Untracked |  0
|  40|0x00000000c6200000, 0x00000000c6200000, 0x00000000c6300000|  0%| F|  |TAMS 0x00000000c6200000| PB 0x00000000c6200000| Untracked |  0
|  41|0x00000000c6300000, 0x00000000c6300000, 0x00000000c6400000|  0%| F|  |TAMS 0x00000000c6300000| PB 0x00000000c6300000| Untracked |  0
|  42|0x00000000c6400000, 0x00000000c6400000, 0x00000000c6500000|  0%| F|  |TAMS 0x00000000c6400000| PB 0x00000000c6400000| Untracked |  0
|  43|0x00000000c6500000, 0x00000000c6500000, 0x00000000c6600000|  0%| F|  |TAMS 0x00000000c6500000| PB 0x00000000c6500000| Untracked |  0
|  44|0x00000000c6600000, 0x00000000c6600000, 0x00000000c6700000|  0%| F|  |TAMS 0x00000000c6600000| PB 0x00000000c6600000| Untracked |  0
|  45|0x00000000c6700000, 0x00000000c6700000, 0x00000000c6800000|  0%| F|  |TAMS 0x00000000c6700000| PB 0x00000000c6700000| Untracked |  0
|  46|0x00000000c6800000, 0x00000000c6800000, 0x00000000c6900000|  0%| F|  |TAMS 0x00000000c6800000| PB 0x00000000c6800000| Untracked |  0
|  47|0x00000000c6900000, 0x00000000c6900000, 0x00000000c6a00000|  0%| F|  |TAMS 0x00000000c6900000| PB 0x00000000c6900000| Untracked |  0
|  48|0x00000000c6a00000, 0x00000000c6a00000, 0x00000000c6b00000|  0%| F|  |TAMS 0x00000000c6a00000| PB 0x00000000c6a00000| Untracked |  0
|  49|0x00000000c6b00000, 0x00000000c6b00000, 0x00000000c6c00000|  0%| F|  |TAMS 0x00000000c6b00000| PB 0x00000000c6b00000| Untracked |  0
|  50|0x00000000c6c00000, 0x00000000c6c00000, 0x00000000c6d00000|  0%| F|  |TAMS 0x00000000c6c00000| PB 0x00000000c6c00000| Untracked |  0
|  51|0x00000000c6d00000, 0x00000000c6d00000, 0x00000000c6e00000|  0%| F|  |TAMS 0x00000000c6d00000| PB 0x00000000c6d00000| Untracked |  0
|  52|0x00000000c6e00000, 0x00000000c6e00000, 0x00000000c6f00000|  0%| F|  |TAMS 0x00000000c6e00000| PB 0x00000000c6e00000| Untracked |  0
|  53|0x00000000c6f00000, 0x00000000c6f00000, 0x00000000c7000000|  0%| F|  |TAMS 0x00000000c6f00000| PB 0x00000000c6f00000| Untracked |  0
|  54|0x00000000c7000000, 0x00000000c7051c00, 0x00000000c7100000| 31%| E|  |TAMS 0x00000000c7000000| PB 0x00000000c7000000| Complete |  0
|  55|0x00000000c7100000, 0x00000000c7200000, 0x00000000c7200000|100%| S|CS|TAMS 0x00000000c7100000| PB 0x00000000c7100000| Complete |  0
|  56|0x00000000c7200000, 0x00000000c7300000, 0x00000000c7300000|100%| E|CS|TAMS 0x00000000c7200000| PB 0x00000000c7200000| Complete |  0
|  57|0x00000000c7300000, 0x00000000c7400000, 0x00000000c7400000|100%| E|CS|TAMS 0x00000000c7300000| PB 0x00000000c7300000| Complete |  0
|  58|0x00000000c7400000, 0x00000000c7500000, 0x00000000c7500000|100%| E|CS|TAMS 0x00000000c7400000| PB 0x00000000c7400000| Complete |  0
|  59|0x00000000c7500000, 0x00000000c7600000, 0x00000000c7600000|100%| E|CS|TAMS 0x00000000c7500000| PB 0x00000000c7500000| Complete |  0
|  60|0x00000000c7600000, 0x00000000c7700000, 0x00000000c7700000|100%| E|CS|TAMS 0x00000000c7600000| PB 0x00000000c7600000| Complete |  0
|  61|0x00000000c7700000, 0x00000000c7800000, 0x00000000c7800000|100%| E|CS|TAMS 0x00000000c7700000| PB 0x00000000c7700000| Complete |  0

Card table byte_map: [0x0000013f5dd60000,0x0000013f5df50000] _byte_map_base: 0x0000013f5d743000

Marking Bits: (CMBitMap*) 0x0000013f46650ab0
 Bits: [0x0000013f5df50000, 0x0000013f5ee68000)

Polling page: 0x0000013f443c0000

Metaspace:

Usage:
  Non-class:     12.49 MB used.
      Class:      1.59 MB used.
       Both:     14.09 MB used.

Virtual space:
  Non-class space:       64.00 MB reserved,      12.75 MB ( 20%) committed,  1 nodes.
      Class space:        1.00 GB reserved,       1.75 MB ( <1%) committed,  1 nodes.
             Both:        1.06 GB reserved,      14.50 MB (  1%) committed. 

Chunk freelists:
   Non-Class:  3.00 MB
       Class:  14.21 MB
        Both:  17.21 MB

MaxMetaspaceSize: unlimited
CompressedClassSpaceSize: 1.00 GB
Initial GC threshold: 21.00 MB
Current GC threshold: 21.00 MB
CDS: on
 - commit_granule_bytes: 65536.
 - commit_granule_words: 8192.
 - virtual_space_node_default_size: 8388608.
 - enlarge_chunks_in_place: 1.
 - use_allocation_guard: 0.


Internal statistics:

num_allocs_failed_limit: 0.
num_arena_births: 400.
num_arena_deaths: 0.
num_vsnodes_births: 2.
num_vsnodes_deaths: 0.
num_space_committed: 232.
num_space_uncommitted: 0.
num_chunks_returned_to_freelist: 0.
num_chunks_taken_from_freelist: 548.
num_chunk_merges: 0.
num_chunk_splits: 308.
num_chunks_enlarged: 91.
num_inconsistent_stats: 0.

CodeHeap 'non-profiled nmethods': size=120128Kb used=627Kb max_used=627Kb free=119500Kb
 bounds [0x0000013f56810000, 0x0000013f56a80000, 0x0000013f5dd60000]
CodeHeap 'profiled nmethods': size=120000Kb used=3340Kb max_used=3340Kb free=116660Kb
 bounds [0x0000013f4ed60000, 0x0000013f4f0b0000, 0x0000013f56290000]
CodeHeap 'non-nmethods': size=5632Kb used=1625Kb max_used=1643Kb free=4006Kb
 bounds [0x0000013f56290000, 0x0000013f56500000, 0x0000013f56810000]
CodeCache: size=245760Kb, used=5592Kb, max_used=5610Kb, free=240166Kb
 total_blobs=3048, nmethods=2355, adapters=599, full_count=0
Compilation: enabled, stopped_count=0, restarted_count=0

Compilation events (20 events):
Event: 30.240 Thread 0x0000013f466ed060 nmethod 2334 0x0000013f568abb08 code [0x0000013f568abca0, 0x0000013f568ac608]
Event: 30.240 Thread 0x0000013f466ed060 2339       4       java.nio.DirectIntBufferU::ix (10 bytes)
Event: 30.241 Thread 0x0000013f466ed060 nmethod 2339 0x0000013f568ac688 code [0x0000013f568ac780, 0x0000013f568ac800]
Event: 30.241 Thread 0x0000013f466ed060 2348 % !   4       sun.awt.image.PNGImageDecoder::produceImage @ 960 (1917 bytes)
Event: 30.243 Thread 0x0000013f41138e40 2349 % !   3       sun.awt.image.ImageRepresentation::getOpaqueRGBImage @ 54 (164 bytes)
Event: 30.244 Thread 0x0000013f41138e40 nmethod 2349% 0x0000013f4f09be08 code [0x0000013f4f09bfe0, 0x0000013f4f09ca60]
Event: 30.245 Thread 0x0000013f41138e40 2350   !   3       sun.awt.image.ImageRepresentation::getOpaqueRGBImage (164 bytes)
Event: 30.245 Thread 0x0000013f41138e40 nmethod 2350 0x0000013f4f09cb08 code [0x0000013f4f09cce0, 0x0000013f4f09d628]
Event: 30.246 Thread 0x0000013f41138e40 2351       1       sun.java2d.loops.RenderCache$Entry::getValue (5 bytes)
Event: 30.246 Thread 0x0000013f41138e40 nmethod 2351 0x0000013f568ac988 code [0x0000013f568acaa0, 0x0000013f568acb68]
Event: 30.247 Thread 0x0000013f41138e40 2352       3       java.awt.Component::getToolkitImpl (18 bytes)
Event: 30.248 Thread 0x0000013f41138e40 nmethod 2352 0x0000013f4f09d708 code [0x0000013f4f09d860, 0x0000013f4f09db10]
Event: 30.248 Thread 0x0000013f41138e40 2353       3       sun.java2d.SunGraphics2D::create (8 bytes)
Event: 30.248 Thread 0x0000013f41138e40 nmethod 2353 0x0000013f4f09db88 code [0x0000013f4f09dcc0, 0x0000013f4f09dec8]
Event: 30.249 Thread 0x0000013f41138e40 2354       3       java.awt.Rectangle::intersection (180 bytes)
Event: 30.249 Thread 0x0000013f41138e40 nmethod 2354 0x0000013f4f09df08 code [0x0000013f4f09e040, 0x0000013f4f09e4d8]
Event: 30.249 Thread 0x0000013f41138e40 2355       3       java.awt.Container::getComponentCount (5 bytes)
Event: 30.249 Thread 0x0000013f41138e40 nmethod 2355 0x0000013f4f09e508 code [0x0000013f4f09e640, 0x0000013f4f09e8f8]
Event: 30.250 Thread 0x0000013f41138e40 2356       3       javax.swing.UIDefaults$TextAndMnemonicHashMap::get (358 bytes)
Event: 30.256 Thread 0x0000013f41138e40 nmethod 2356 0x0000013f4f09e988 code [0x0000013f4f09f160, 0x0000013f4f0a2f20]

GC Heap History (4 events):
Event: 1.074 GC heap before
{Heap before GC invocations=0 (full 0):
 garbage-first heap   total reserved 989184K, committed 63488K, used 6144K [0x00000000c3a00000, 0x0000000100000000)
  region size 1024K, 7 young (7168K), 0 survivors (0K)
 Metaspace       used 4801K, committed 5056K, reserved 1114112K
  class space    used 504K, committed 640K, reserved 1048576K
}
Event: 1.103 GC heap after
{Heap after GC invocations=1 (full 0):
 garbage-first heap   total reserved 989184K, committed 63488K, used 2432K [0x00000000c3a00000, 0x0000000100000000)
  region size 1024K, 1 young (1024K), 1 survivors (1024K)
 Metaspace       used 4801K, committed 5056K, reserved 1114112K
  class space    used 504K, committed 640K, reserved 1048576K
}
Event: 2.054 GC heap before
{Heap before GC invocations=1 (full 0):
 garbage-first heap   total reserved 989184K, committed 63488K, used 8576K [0x00000000c3a00000, 0x0000000100000000)
  region size 1024K, 7 young (7168K), 1 survivors (1024K)
 Metaspace       used 10874K, committed 11136K, reserved 1114112K
  class space    used 1280K, committed 1408K, reserved 1048576K
}
Event: 2.063 GC heap after
{Heap after GC invocations=2 (full 0):
 garbage-first heap   total reserved 989184K, committed 63488K, used 3444K [0x00000000c3a00000, 0x0000000100000000)
  region size 1024K, 1 young (1024K), 1 survivors (1024K)
 Metaspace       used 10874K, committed 11136K, reserved 1114112K
  class space    used 1280K, committed 1408K, reserved 1048576K
}

Dll operation events (15 events):
Event: 0.070 Loaded shared library C:\Users\nicol\.jdks\openjdk-23.0.1\bin\java.dll
Event: 0.209 Loaded shared library C:\Users\nicol\.jdks\openjdk-23.0.1\bin\jsvml.dll
Event: 0.410 Loaded shared library C:\Users\nicol\.jdks\openjdk-23.0.1\bin\zip.dll
Event: 0.420 Loaded shared library C:\Users\nicol\.jdks\openjdk-23.0.1\bin\instrument.dll
Event: 0.436 Loaded shared library C:\Users\nicol\.jdks\openjdk-23.0.1\bin\net.dll
Event: 0.440 Loaded shared library C:\Users\nicol\.jdks\openjdk-23.0.1\bin\nio.dll
Event: 0.476 Loaded shared library C:\Users\nicol\.jdks\openjdk-23.0.1\bin\zip.dll
Event: 0.525 Loaded shared library C:\Users\nicol\.jdks\openjdk-23.0.1\bin\jimage.dll
Event: 0.594 Loaded shared library C:\Users\nicol\AppData\Local\JetBrains\IntelliJ IDEA 2024.3.1.1\bin\breakgen64.dll
Event: 0.668 Loaded shared library C:\Users\nicol\.jdks\openjdk-23.0.1\bin\extnet.dll
Event: 0.693 Loaded shared library C:\Users\nicol\.jdks\openjdk-23.0.1\bin\management.dll
Event: 0.722 Loaded shared library C:\Users\nicol\.jdks\openjdk-23.0.1\bin\management_ext.dll
Event: 0.751 Loaded shared library C:\Users\nicol\.jdks\openjdk-23.0.1\bin\awt.dll
Event: 2.158 Loaded shared library C:\Users\nicol\.jdks\openjdk-23.0.1\bin\freetype.dll
Event: 2.164 Loaded shared library C:\Users\nicol\.jdks\openjdk-23.0.1\bin\fontmanager.dll

Deoptimization events (20 events):
Event: 5.749 Thread 0x0000013f420e9800 DEOPT PACKING pc=0x0000013f56867700 sp=0x0000000a09dfee90
Event: 5.749 Thread 0x0000013f420e9800 DEOPT UNPACKING pc=0x0000013f562e43fc sp=0x0000000a09dfee60 mode 2
Event: 5.789 Thread 0x0000013f420e7dc0 Uncommon trap: trap_request=0xffffffde fr.pc=0x0000013f56867700 relative=0x00000000000003c0
Event: 5.789 Thread 0x0000013f420e7dc0 Uncommon trap: reason=class_check action=maybe_recompile pc=0x0000013f56867700 method=java.lang.String.<init>(Ljava/lang/AbstractStringBuilder;Ljava/lang/Void;)V @ 10 c2
Event: 5.789 Thread 0x0000013f420e7dc0 DEOPT PACKING pc=0x0000013f56867700 sp=0x0000000a09eff110
Event: 5.789 Thread 0x0000013f420e7dc0 DEOPT UNPACKING pc=0x0000013f562e43fc sp=0x0000000a09eff0e0 mode 2
Event: 5.801 Thread 0x0000013f420e9800 Uncommon trap: trap_request=0xffffffde fr.pc=0x0000013f56867700 relative=0x00000000000003c0
Event: 5.801 Thread 0x0000013f420e9800 Uncommon trap: reason=class_check action=maybe_recompile pc=0x0000013f56867700 method=java.lang.String.<init>(Ljava/lang/AbstractStringBuilder;Ljava/lang/Void;)V @ 10 c2
Event: 5.801 Thread 0x0000013f420e9800 DEOPT PACKING pc=0x0000013f56867700 sp=0x0000000a09dfee90
Event: 5.801 Thread 0x0000013f420e9800 DEOPT UNPACKING pc=0x0000013f562e43fc sp=0x0000000a09dfee60 mode 2
Event: 5.822 Thread 0x0000013f420e9800 DEOPT PACKING pc=0x0000013f4ef89bed sp=0x0000000a09dfefc0
Event: 5.822 Thread 0x0000013f420e9800 DEOPT UNPACKING pc=0x0000013f562e4b83 sp=0x0000000a09dfe460 mode 0
Event: 5.828 Thread 0x0000013f420e9800 DEOPT PACKING pc=0x0000013f4ef89bed sp=0x0000000a09dfefc0
Event: 5.828 Thread 0x0000013f420e9800 DEOPT UNPACKING pc=0x0000013f562e4b83 sp=0x0000000a09dfe460 mode 0
Event: 15.812 Thread 0x0000013f420e9170 Uncommon trap: trap_request=0xffffff45 fr.pc=0x0000013f56896f90 relative=0x0000000000000090
Event: 15.812 Thread 0x0000013f420e9170 Uncommon trap: reason=unstable_if action=reinterpret pc=0x0000013f56896f90 method=java.awt.Component.inside(II)Z @ 1 c2
Event: 15.812 Thread 0x0000013f420e9170 DEOPT PACKING pc=0x0000013f56896f90 sp=0x0000000a098fe050
Event: 15.812 Thread 0x0000013f420e9170 DEOPT UNPACKING pc=0x0000013f562e43fc sp=0x0000000a098fdee0 mode 2
Event: 15.821 Thread 0x0000013f41aaeef0 DEOPT PACKING pc=0x0000013f4ef90a7e sp=0x0000000a09dff300
Event: 15.821 Thread 0x0000013f41aaeef0 DEOPT UNPACKING pc=0x0000013f562e4b83 sp=0x0000000a09dfe7a0 mode 0

Classes loaded (20 events):
Event: 5.645 Loading class sun/awt/image/PNGImageDecoder
Event: 5.646 Loading class sun/awt/image/ImageDecoder
Event: 5.646 Loading class sun/awt/image/ImageDecoder done
Event: 5.646 Loading class sun/awt/image/PNGImageDecoder done
Event: 5.648 Loading class sun/awt/image/PNGFilterInputStream
Event: 5.648 Loading class sun/awt/image/PNGFilterInputStream done
Event: 5.721 Loading class sun/awt/image/BufImgSurfaceManager
Event: 5.722 Loading class sun/awt/image/BufImgSurfaceManager done
Event: 5.802 Loading class sun/awt/image/PNGImageDecoder$Chromaticities
Event: 5.802 Loading class sun/awt/image/PNGImageDecoder$Chromaticities done
Event: 9.620 Loading class javax/swing/Autoscroller
Event: 9.625 Loading class javax/swing/Autoscroller done
Event: 9.803 Loading class javax/swing/text/DefaultHighlighter$LayeredHighlightInfo
Event: 9.806 Loading class javax/swing/text/DefaultHighlighter$HighlightInfo
Event: 9.806 Loading class javax/swing/text/DefaultHighlighter$HighlightInfo done
Event: 9.806 Loading class javax/swing/text/DefaultHighlighter$LayeredHighlightInfo done
Event: 10.769 Loading class javax/swing/text/GapContent$RemoveUndo
Event: 10.770 Loading class javax/swing/text/GapContent$RemoveUndo done
Event: 10.770 Loading class javax/swing/text/GapContent$UndoPosRef
Event: 10.772 Loading class javax/swing/text/GapContent$UndoPosRef done

Classes unloaded (0 events):
No events

Classes redefined (0 events):
No events

Internal exceptions (20 events):
Event: 1.942 Thread 0x0000013f46619150 Exception <a 'java/lang/NoSuchMethodError'{0x00000000c72d5440}: 'int java.lang.invoke.Invokers$Holder.invokeExact_MT(java.lang.Object, java.lang.Object)'> (0x00000000c72d5440) 
thrown [s\open\src\hotspot\share\interpreter\linkResolver.cpp, line 796]
Event: 1.945 Thread 0x0000013f46619150 Implicit null exception at 0x0000013f568658aa to 0x0000013f56865c88
Event: 2.093 Thread 0x0000013f419efbe0 Exception <a 'java/lang/NoSuchMethodError'{0x00000000c7735280}: 'void java.lang.invoke.DirectMethodHandle$Holder.invokeVirtual(java.lang.Object, java.lang.Object)'> (0x00000000c7735280) 
thrown [s\open\src\hotspot\share\interpreter\linkResolver.cpp, line 796]
Event: 2.145 Thread 0x0000013f46619150 Exception <a 'java/lang/NoSuchMethodError'{0x00000000c775b5a8}: 'void java.lang.invoke.DirectMethodHandle$Holder.invokeStaticInit(java.lang.Object)'> (0x00000000c775b5a8) 
thrown [s\open\src\hotspot\share\interpreter\linkResolver.cpp, line 796]
Event: 2.922 Thread 0x0000013f415925d0 Exception <a 'java/lang/NoSuchMethodError'{0x00000000c761f750}: 'long java.lang.invoke.DirectMethodHandle$Holder.invokeVirtual(java.lang.Object, java.lang.Object)'> (0x00000000c761f750) 
thrown [s\open\src\hotspot\share\interpreter\linkResolver.cpp, line 796]
Event: 2.923 Thread 0x0000013f415925d0 Exception <a 'java/lang/NoSuchMethodError'{0x00000000c7622d48}: 'long java.lang.invoke.DelegatingMethodHandle$Holder.reinvoke_L(java.lang.Object, java.lang.Object)'> (0x00000000c7622d48) 
thrown [s\open\src\hotspot\share\interpreter\linkResolver.cpp, line 796]
Event: 5.406 Thread 0x0000013f420e9170 Exception <a 'java/lang/NoSuchMethodError'{0x00000000c7684110}: 'java.lang.Object java.lang.invoke.DirectMethodHandle$Holder.invokeStaticInit(java.lang.Object, java.lang.Object, java.lang.Object, java.lang.Object, java.lang.Object, java.lang.Object, java.lang.Object)'> (0x00000000c7684110) 
thrown [s\open\src\hotspot\share\interpreter\linkResolver.cpp, line 796]
Event: 5.413 Thread 0x0000013f420e9170 Exception <a 'java/lang/NoSuchMethodError'{0x00000000c7691188}: 'int java.lang.invoke.DirectMethodHandle$Holder.invokeVirtual(java.lang.Object, java.lang.Object, java.lang.Object)'> (0x00000000c7691188) 
thrown [s\open\src\hotspot\share\interpreter\linkResolver.cpp, line 796]
Event: 5.414 Thread 0x0000013f420e9170 Exception <a 'java/lang/NoSuchMethodError'{0x00000000c7694b00}: 'int java.lang.invoke.DirectMethodHandle$Holder.invokeVirtual(java.lang.Object, java.lang.Object)'> (0x00000000c7694b00) 
thrown [s\open\src\hotspot\share\interpreter\linkResolver.cpp, line 796]
Event: 5.414 Thread 0x0000013f420e9170 Exception <a 'java/lang/NoSuchMethodError'{0x00000000c7698bd0}: 'int java.lang.invoke.DirectMethodHandle$Holder.invokeStaticInit(java.lang.Object, java.lang.Object, java.lang.Object)'> (0x00000000c7698bd0) 
thrown [s\open\src\hotspot\share\interpreter\linkResolver.cpp, line 796]
Event: 5.415 Thread 0x0000013f420e9170 Exception <a 'java/lang/NoSuchMethodError'{0x00000000c769c7c8}: 'int java.lang.invoke.DirectMethodHandle$Holder.invokeStaticInit(java.lang.Object, int, int)'> (0x00000000c769c7c8) 
thrown [s\open\src\hotspot\share\interpreter\linkResolver.cpp, line 796]
Event: 5.417 Thread 0x0000013f420e9170 Exception <a 'java/lang/NoSuchMethodError'{0x00000000c76a3f80}: 'int java.lang.invoke.DirectMethodHandle$Holder.invokeStaticInit(java.lang.Object, long, long)'> (0x00000000c76a3f80) 
thrown [s\open\src\hotspot\share\interpreter\linkResolver.cpp, line 796]
Event: 5.417 Thread 0x0000013f420e9170 Exception <a 'java/lang/NoSuchMethodError'{0x00000000c76ab1f0}: 'int java.lang.invoke.DirectMethodHandle$Holder.invokeStaticInit(java.lang.Object, float, float)'> (0x00000000c76ab1f0) 
thrown [s\open\src\hotspot\share\interpreter\linkResolver.cpp, line 796]
Event: 5.419 Thread 0x0000013f420e9170 Exception <a 'java/lang/NoSuchMethodError'{0x00000000c76b1f40}: 'int java.lang.invoke.DirectMethodHandle$Holder.invokeStaticInit(java.lang.Object, double, double)'> (0x00000000c76b1f40) 
thrown [s\open\src\hotspot\share\interpreter\linkResolver.cpp, line 796]
Event: 5.420 Thread 0x0000013f420e9170 Exception <a 'java/lang/NoSuchMethodError'{0x00000000c76b68e0}: 'int java.lang.invoke.DirectMethodHandle$Holder.invokeStatic(java.lang.Object, long)'> (0x00000000c76b68e0) 
thrown [s\open\src\hotspot\share\interpreter\linkResolver.cpp, line 796]
Event: 5.448 Thread 0x0000013f420e9170 Exception <a 'java/lang/NoSuchMethodError'{0x00000000c76dbc60}: 'int java.lang.invoke.DelegatingMethodHandle$Holder.reinvoke_L(java.lang.Object, double)'> (0x00000000c76dbc60) 
thrown [s\open\src\hotspot\share\interpreter\linkResolver.cpp, line 796]
Event: 5.452 Thread 0x0000013f420e9170 Exception <a 'java/lang/NoSuchMethodError'{0x00000000c76e2e08}: 'int java.lang.invoke.Invokers$Holder.linkToTargetMethod(java.lang.Object, java.lang.Object)'> (0x00000000c76e2e08) 
thrown [s\open\src\hotspot\share\interpreter\linkResolver.cpp, line 796]
Event: 5.527 Thread 0x0000013f420e9800 Implicit null exception at 0x0000013f5685dc94 to 0x0000013f5685e230
Event: 5.527 Thread 0x0000013f420e9800 Implicit null exception at 0x0000013f5685ce90 to 0x0000013f5685d420
Event: 5.654 Thread 0x0000013f420e9800 Exception <a 'java/lang/NoSuchMethodError'{0x00000000c7462130}: 'java.lang.Object java.lang.invoke.DirectMethodHandle$Holder.newInvokeSpecial(java.lang.Object, java.lang.Object, java.lang.Object, int, int, int, int, int)'> (0x00000000c7462130) 
thrown [s\open\src\hotspot\share\interpreter\linkResolver.cpp, line 796]

VM Operations (20 events):
Event: 1.057 Executing VM operation: G1CollectForAllocation (G1 Evacuation Pause)
Event: 1.103 Executing VM operation: G1CollectForAllocation (G1 Evacuation Pause) done
Event: 1.298 Executing VM operation: HandshakeAllThreads (Deoptimize)
Event: 1.316 Executing VM operation: HandshakeAllThreads (Deoptimize) done
Event: 1.404 Executing VM operation: HandshakeAllThreads (Deoptimize)
Event: 1.404 Executing VM operation: HandshakeAllThreads (Deoptimize) done
Event: 1.433 Executing VM operation: HandshakeAllThreads (Deoptimize)
Event: 1.433 Executing VM operation: HandshakeAllThreads (Deoptimize) done
Event: 1.665 Executing VM operation: HandshakeAllThreads (Deoptimize)
Event: 1.665 Executing VM operation: HandshakeAllThreads (Deoptimize) done
Event: 2.027 Executing VM operation: HandshakeAllThreads (Deoptimize)
Event: 2.027 Executing VM operation: HandshakeAllThreads (Deoptimize) done
Event: 2.054 Executing VM operation: G1CollectForAllocation (G1 Evacuation Pause)
Event: 2.064 Executing VM operation: G1CollectForAllocation (G1 Evacuation Pause) done
Event: 2.426 Executing VM operation: HandshakeAllThreads (Deoptimize)
Event: 2.426 Executing VM operation: HandshakeAllThreads (Deoptimize) done
Event: 5.503 Executing VM operation: HandshakeAllThreads (Deoptimize)
Event: 5.503 Executing VM operation: HandshakeAllThreads (Deoptimize) done
Event: 5.640 Executing VM operation: HandshakeAllThreads (Deoptimize)
Event: 5.640 Executing VM operation: HandshakeAllThreads (Deoptimize) done

Memory protections (0 events):
No events

Nmethod flushes (0 events):
No events

Events (20 events):
Event: 0.596 Thread 0x0000013f46619150 Thread added: 0x0000013f413bdac0
Event: 0.596 Thread 0x0000013f46619150 Thread added: 0x0000013f413be130
Event: 1.459 Thread 0x0000013f466eae10 Thread added: 0x0000013f41a9d1b0
Event: 1.541 Thread 0x0000013f41a9d1b0 Thread added: 0x0000013f415925d0
Event: 1.611 Thread 0x0000013f46619150 Thread added: 0x0000013f4158ae50
Event: 1.617 Thread 0x0000013f46619150 Thread added: 0x0000013f419ee8b0
Event: 1.627 Thread 0x0000013f46619150 Thread added: 0x0000013f419efbe0
Event: 1.632 Thread 0x0000013f415925d0 Thread added: 0x0000013f419f0250
Event: 1.659 Thread 0x0000013f415925d0 Thread added: 0x0000013f41b50bd0
Event: 2.099 Thread 0x0000013f419efbe0 Thread added: 0x0000013f420e9170
Event: 2.425 Thread 0x0000013f46619150 Thread exited: 0x0000013f46619150
Event: 2.426 Thread 0x0000013f420e7730 Thread added: 0x0000013f420e7730
Event: 2.507 Thread 0x0000013f420e9170 Thread added: 0x0000013f420e9e90
Event: 5.517 Thread 0x0000013f420e9170 Thread added: 0x0000013f420e9800
Event: 5.745 Thread 0x0000013f420e9170 Thread added: 0x0000013f420e7dc0
Event: 10.806 Thread 0x0000013f420e7dc0 Thread exited: 0x0000013f420e7dc0
Event: 10.833 Thread 0x0000013f420e9800 Thread exited: 0x0000013f420e9800
Event: 11.226 Thread 0x0000013f420e9170 Thread added: 0x0000013f41aaeef0
Event: 25.705 Thread 0x0000013f41aaeef0 Thread exited: 0x0000013f41aaeef0
Event: 30.220 Thread 0x0000013f420e9170 Thread added: 0x0000013f41aae1d0


Dynamic libraries:
0x00007ff65a290000 - 0x00007ff65a29e000 	C:\Users\nicol\.jdks\openjdk-23.0.1\bin\java.exe
0x00007ffac9d90000 - 0x00007ffac9f88000 	C:\WINDOWS\SYSTEM32\ntdll.dll
0x00007ffac8f90000 - 0x00007ffac904f000 	C:\WINDOWS\System32\KERNEL32.DLL
0x00007ffac7750000 - 0x00007ffac7a2a000 	C:\WINDOWS\System32\KERNELBASE.dll
0x00007ffac74f0000 - 0x00007ffac75f0000 	C:\WINDOWS\System32\ucrtbase.dll
0x00007ffaba230000 - 0x00007ffaba247000 	C:\Users\nicol\.jdks\openjdk-23.0.1\bin\jli.dll
0x00007ffaba210000 - 0x00007ffaba22b000 	C:\Users\nicol\.jdks\openjdk-23.0.1\bin\VCRUNTIME140.dll
0x00007ffac8810000 - 0x00007ffac89ad000 	C:\WINDOWS\System32\USER32.dll
0x00007ffac75f0000 - 0x00007ffac7612000 	C:\WINDOWS\System32\win32u.dll
0x00007ffac7ea0000 - 0x00007ffac7ecb000 	C:\WINDOWS\System32\GDI32.dll
0x00007ffaa8550000 - 0x00007ffaa87ea000 	C:\WINDOWS\WinSxS\amd64_microsoft.windows.common-controls_6595b64144ccf1df_6.0.19041.1110_none_60b5254171f9507e\COMCTL32.dll
0x00007ffac7ae0000 - 0x00007ffac7bf0000 	C:\WINDOWS\System32\gdi32full.dll
0x00007ffac7bf0000 - 0x00007ffac7c8d000 	C:\WINDOWS\System32\msvcp_win.dll
0x00007ffac7ed0000 - 0x00007ffac7f6e000 	C:\WINDOWS\System32\msvcrt.dll
0x00007ffac8310000 - 0x00007ffac8340000 	C:\WINDOWS\System32\IMM32.DLL
0x00007ffac0610000 - 0x00007ffac061c000 	C:\Users\nicol\.jdks\openjdk-23.0.1\bin\vcruntime140_1.dll
0x00007ffa994f0000 - 0x00007ffa9957e000 	C:\Users\nicol\.jdks\openjdk-23.0.1\bin\msvcp140.dll
0x00007ffa63db0000 - 0x00007ffa64aff000 	C:\Users\nicol\.jdks\openjdk-23.0.1\bin\server\jvm.dll
0x00007ffac89b0000 - 0x00007ffac8a5e000 	C:\WINDOWS\System32\ADVAPI32.dll
0x00007ffac8120000 - 0x00007ffac81bc000 	C:\WINDOWS\System32\sechost.dll
0x00007ffac8d20000 - 0x00007ffac8e46000 	C:\WINDOWS\System32\RPCRT4.dll
0x00007ffac9b90000 - 0x00007ffac9bfb000 	C:\WINDOWS\System32\WS2_32.dll
0x00007ffac7310000 - 0x00007ffac735b000 	C:\WINDOWS\SYSTEM32\POWRPROF.dll
0x00007ffaafda0000 - 0x00007ffaafdc7000 	C:\WINDOWS\SYSTEM32\WINMM.dll
0x00007ffabdc40000 - 0x00007ffabdc4a000 	C:\WINDOWS\SYSTEM32\VERSION.dll
0x00007ffac7240000 - 0x00007ffac7252000 	C:\WINDOWS\SYSTEM32\UMPDC.dll
0x00007ffac5d40000 - 0x00007ffac5d52000 	C:\WINDOWS\SYSTEM32\kernel.appcore.dll
0x00007ffabe0f0000 - 0x00007ffabe0fa000 	C:\Users\nicol\.jdks\openjdk-23.0.1\bin\jimage.dll
0x00007ffac5a00000 - 0x00007ffac5be4000 	C:\WINDOWS\SYSTEM32\DBGHELP.DLL
0x00007ffab9260000 - 0x00007ffab9294000 	C:\WINDOWS\SYSTEM32\dbgcore.DLL
0x00007ffac76c0000 - 0x00007ffac7742000 	C:\WINDOWS\System32\bcryptPrimitives.dll
0x00007ffaad8e0000 - 0x00007ffaad8ef000 	C:\Users\nicol\.jdks\openjdk-23.0.1\bin\instrument.dll
0x00007ffab60a0000 - 0x00007ffab60be000 	C:\Users\nicol\.jdks\openjdk-23.0.1\bin\java.dll
0x00007ffac8b80000 - 0x00007ffac8caa000 	C:\WINDOWS\System32\ole32.dll
0x00007ffac9060000 - 0x00007ffac93b4000 	C:\WINDOWS\System32\combase.dll
0x00007ffac93c0000 - 0x00007ffac9b04000 	C:\WINDOWS\System32\SHELL32.dll
0x00007ffac5190000 - 0x00007ffac5923000 	C:\WINDOWS\SYSTEM32\windows.storage.dll
0x00007ffac6e20000 - 0x00007ffac6e4e000 	C:\WINDOWS\SYSTEM32\Wldp.dll
0x00007ffac8e50000 - 0x00007ffac8efd000 	C:\WINDOWS\System32\SHCORE.dll
0x00007ffac9cf0000 - 0x00007ffac9d45000 	C:\WINDOWS\System32\shlwapi.dll
0x00007ffac73e0000 - 0x00007ffac73ff000 	C:\WINDOWS\SYSTEM32\profapi.dll
0x00007ffa98210000 - 0x00007ffa982e7000 	C:\Users\nicol\.jdks\openjdk-23.0.1\bin\jsvml.dll
0x00007ffaadca0000 - 0x00007ffaadcb7000 	C:\Users\nicol\.jdks\openjdk-23.0.1\bin\zip.dll
0x00007ffaba1b0000 - 0x00007ffaba1c0000 	C:\Users\nicol\.jdks\openjdk-23.0.1\bin\net.dll
0x00007ffac6b80000 - 0x00007ffac6bea000 	C:\WINDOWS\system32\mswsock.dll
0x00007ffaad9b0000 - 0x00007ffaad9c6000 	C:\Users\nicol\.jdks\openjdk-23.0.1\bin\nio.dll
0x00007ffa9ebf0000 - 0x00007ffa9ec0a000 	C:\Users\nicol\AppData\Local\JetBrains\IntelliJ IDEA 2024.3.1.1\bin\breakgen64.dll
0x00007ffac68c0000 - 0x00007ffac698b000 	C:\WINDOWS\SYSTEM32\DNSAPI.dll
0x00007ffac6870000 - 0x00007ffac68ac000 	C:\WINDOWS\SYSTEM32\IPHLPAPI.DLL
0x00007ffac9050000 - 0x00007ffac9058000 	C:\WINDOWS\System32\NSI.dll
0x00007ffaaf660000 - 0x00007ffaaf66a000 	C:\Windows\System32\rasadhlp.dll
0x00007ffaaf2a0000 - 0x00007ffaaf320000 	C:\WINDOWS\System32\fwpuclnt.dll
0x00007ffac7690000 - 0x00007ffac76b7000 	C:\WINDOWS\System32\bcrypt.dll
0x00007ffab6010000 - 0x00007ffab6019000 	C:\Users\nicol\.jdks\openjdk-23.0.1\bin\extnet.dll
0x00007ffaad9a0000 - 0x00007ffaad9aa000 	C:\Users\nicol\.jdks\openjdk-23.0.1\bin\management.dll
0x00007ffaad900000 - 0x00007ffaad90b000 	C:\Users\nicol\.jdks\openjdk-23.0.1\bin\management_ext.dll
0x00007ffac8300000 - 0x00007ffac8308000 	C:\WINDOWS\System32\PSAPI.DLL
0x00007ffa97060000 - 0x00007ffa971ed000 	C:\Users\nicol\.jdks\openjdk-23.0.1\bin\awt.dll
0x00007ffac9c20000 - 0x00007ffac9ced000 	C:\WINDOWS\System32\OLEAUT32.dll
0x00007ffac49e0000 - 0x00007ffac4a70000 	C:\WINDOWS\SYSTEM32\apphelp.dll
0x00007ffac6d70000 - 0x00007ffac6d88000 	C:\WINDOWS\SYSTEM32\CRYPTSP.dll
0x00007ffac64a0000 - 0x00007ffac64d4000 	C:\WINDOWS\system32\rsaenh.dll
0x00007ffac7360000 - 0x00007ffac738e000 	C:\WINDOWS\SYSTEM32\USERENV.dll
0x00007ffac6d90000 - 0x00007ffac6d9c000 	C:\WINDOWS\SYSTEM32\CRYPTBASE.dll
0x00007ffaabec0000 - 0x00007ffaabed7000 	C:\WINDOWS\system32\napinsp.dll
0x00007ffaacb40000 - 0x00007ffaacb5b000 	C:\WINDOWS\system32\pnrpnsp.dll
0x00007ffac1aa0000 - 0x00007ffac1ab5000 	C:\WINDOWS\system32\wshbth.dll
0x00007ffabdc50000 - 0x00007ffabdc6d000 	C:\WINDOWS\system32\NLAapi.dll
0x00007ffaacb80000 - 0x00007ffaacb92000 	C:\WINDOWS\System32\winrnr.dll
0x00007ffac4dd0000 - 0x00007ffac4dff000 	C:\WINDOWS\system32\DWMAPI.DLL
0x00007ffac4ae0000 - 0x00007ffac4b7e000 	C:\WINDOWS\system32\uxtheme.dll
0x00007ffa95dd0000 - 0x00007ffa95ef5000 	C:\WINDOWS\system32\opengl32.dll
0x00007ffaaa710000 - 0x00007ffaaa73c000 	C:\WINDOWS\SYSTEM32\GLU32.dll
0x00007ffac8a60000 - 0x00007ffac8b74000 	C:\WINDOWS\System32\MSCTF.dll
0x00007ffab6ff0000 - 0x00007ffab7039000 	C:\WINDOWS\SYSTEM32\pdh.dll
0x00007ffa9b1e0000 - 0x00007ffa9b267000 	C:\Users\nicol\.jdks\openjdk-23.0.1\bin\freetype.dll
0x00007ffa96890000 - 0x00007ffa96967000 	C:\Users\nicol\.jdks\openjdk-23.0.1\bin\fontmanager.dll
0x00007ffac7df0000 - 0x00007ffac7e99000 	C:\WINDOWS\System32\clbcatq.dll
0x00007ffac1bb0000 - 0x00007ffac1d64000 	C:\WINDOWS\SYSTEM32\WindowsCodecs.dll
0x00007ffaa5d30000 - 0x00007ffaa5d6e000 	C:\WINDOWS\system32\dataexchange.dll
0x00007ffac3360000 - 0x00007ffac35c3000 	C:\WINDOWS\system32\d3d11.dll
0x00007ffac3bf0000 - 0x00007ffac3dd3000 	C:\WINDOWS\system32\dcomp.dll
0x00007ffac5d60000 - 0x00007ffac5e53000 	C:\WINDOWS\system32\dxgi.dll
0x00007ffac1da0000 - 0x00007ffac1fa0000 	C:\WINDOWS\system32\twinapi.appcore.dll
0x00007ffab59a0000 - 0x00007ffab5a99000 	C:\WINDOWS\SYSTEM32\textinputframework.dll
0x00007ffac41d0000 - 0x00007ffac452e000 	C:\WINDOWS\System32\CoreUIComponents.dll
0x00007ffac4580000 - 0x00007ffac4672000 	C:\WINDOWS\System32\CoreMessaging.dll
0x00007ffac65c0000 - 0x00007ffac65f3000 	C:\WINDOWS\SYSTEM32\ntmarta.dll
0x00007ffac2ca0000 - 0x00007ffac2df4000 	C:\WINDOWS\SYSTEM32\wintypes.dll
0x00007ffac0ae0000 - 0x00007ffac0aef000 	C:\WINDOWS\System32\perfproc.dll
0x00007ffab2930000 - 0x00007ffab293f000 	C:\WINDOWS\System32\perfos.dll

dbghelp: loaded successfully - version: 4.0.5 - missing functions: none
symbol engine: initialized successfully - sym options: 0x614 - pdb path: .;C:\Users\nicol\.jdks\openjdk-23.0.1\bin;C:\WINDOWS\SYSTEM32;C:\WINDOWS\WinSxS\amd64_microsoft.windows.common-controls_6595b64144ccf1df_6.0.19041.1110_none_60b5254171f9507e;C:\Users\nicol\.jdks\openjdk-23.0.1\bin\server;C:\Users\nicol\AppData\Local\JetBrains\IntelliJ IDEA 2024.3.1.1\bin

VM Arguments:
jvm_args: -javaagent:C:\Users\nicol\AppData\Local\JetBrains\IntelliJ IDEA 2024.3.1.1\lib\idea_rt.jar=57052:C:\Users\nicol\AppData\Local\JetBrains\IntelliJ IDEA 2024.3.1.1\bin -Dfile.encoding=UTF-8 -Dsun.stdout.encoding=UTF-8 -Dsun.stderr.encoding=UTF-8 
java_command: MakingChange
java_class_path (initial): C:\Users\nicol\Documents\JavaLab1\out\production\JavaLab1
Launcher Type: SUN_STANDARD

[Global flags]
     intx CICompilerCount                          = 2                                         {product} {ergonomic}
     uint ConcGCThreads                            = 1                                         {product} {ergonomic}
     uint G1ConcRefinementThreads                  = 2                                         {product} {ergonomic}
   size_t G1HeapRegionSize                         = 1048576                                   {product} {ergonomic}
   size_t InitialHeapSize                          = 65011712                                  {product} {ergonomic}
   size_t MarkStackSize                            = 4194304                                   {product} {ergonomic}
   size_t MarkStackSizeMax                         = 536870912                                 {product} {ergonomic}
   size_t MaxHeapSize                              = 1012924416                                {product} {ergonomic}
   size_t MaxNewSize                               = 607125504                                 {product} {ergonomic}
   size_t MinHeapDeltaBytes                        = 1048576                                   {product} {ergonomic}
   size_t MinHeapSize                              = 8388608                                   {product} {ergonomic}
    uintx NonNMethodCodeHeapSize                   = 5767168                                {pd product} {ergonomic}
    uintx NonProfiledCodeHeapSize                  = 123011072                              {pd product} {ergonomic}
    uintx ProfiledCodeHeapSize                     = 122880000                              {pd product} {ergonomic}
    uintx ReservedCodeCacheSize                    = 251658240                              {pd product} {ergonomic}
     bool SegmentedCodeCache                       = true                                      {product} {ergonomic}
   size_t SoftMaxHeapSize                          = 1012924416                             {manageable} {ergonomic}
     bool UseCompressedOops                        = true                           {product lp64_product} {ergonomic}
     bool UseG1GC                                  = true                                      {product} {ergonomic}
     bool UseLargePagesIndividualAllocation        = false                                  {pd product} {ergonomic}

Logging:
Log output configuration:
 #0: stdout all=warning uptime,level,tags foldmultilines=false
 #1: stderr all=off uptime,level,tags foldmultilines=false

Environment Variables:
PATH=C:\WINDOWS\system32;C:\WINDOWS;C:\WINDOWS\System32\Wbem;C:\WINDOWS\System32\WindowsPowerShell\v1.0\;C:\WINDOWS\System32\OpenSSH\;C:\Program Files\HP\HP One Agent;C:\Program Files\Git\cmd;C:\Users\nicol\AppData\Local\Microsoft\WindowsApps;C:\Users\nicol\AppData\Local\JetBrains\IntelliJ IDEA 2024.3.1.1\bin;
USERNAME=nicol
OS=Windows_NT
PROCESSOR_IDENTIFIER=Intel64 Family 6 Model 122 Stepping 1, GenuineIntel
TMP=C:\Users\nicol\AppData\Local\Temp
TEMP=C:\Users\nicol\AppData\Local\Temp




Periodic native trim disabled

---------------  S Y S T E M  ---------------

OS:
 Windows 10 , 64 bit Build 19041 (10.0.19041.2788)
OS uptime: 5 days 3:26 hours

CPU: total 2 (initial active 2) (2 cores per cpu, 1 threads per core) family 6 model 122 stepping 1 microcode 0x2e, cx8, cmov, fxsr, mmx, 3dnowpref, sse, sse2, sse3, ssse3, sse4.1, sse4.2, popcnt, tsc, tscinvbit, aes, erms, clmul, sha, clflush, clflushopt, rdtscp, rdpid
Processor Information for the first 2 processors :
  Max Mhz: 1101, Current Mhz: 1101, Mhz Limit: 1101

Memory: 4k page, system-wide physical 3858M (262M free)
TotalPageFile size 11155M (AvailPageFile size 5M)
current process WorkingSet (physical memory assigned to process): 97M, peak: 97M
current process commit charge ("private bytes"): 170M, peak: 170M

vm_info: OpenJDK 64-Bit Server VM (23.0.1+11-39) for windows-amd64 JRE (23.0.1+11-39), built on 2024-09-30T07:20:43Z with MS VC++ 17.6 (VS2022)

END.
